[2017-12-06 16:03:00.863] [jointLog] [info] parsing read library format
[2017-12-06 16:03:00.863] [jointLog] [info] There is 1 library.
[2017-12-06 16:03:01.109] [jointLog] [info] Loading Quasi index
[2017-12-06 16:03:01.132] [jointLog] [info] Loading 32-bit quasi index
[2017-12-06 16:03:38.802] [jointLog] [info] done
[2017-12-06 16:03:38.802] [jointLog] [info] Index contained 200401 targets
[2017-12-06 16:05:40.994] [fileLog] [info] 
At end of round 0
==================
Observed 25288232 total fragments (25288232 in most recent round)

[2017-12-06 16:05:40.993] [jointLog] [info] Computed 324672 rich equivalence classes for further processing
[2017-12-06 16:05:40.993] [jointLog] [info] Counted 22830167 total reads in the equivalence classes 
[2017-12-06 16:05:41.003] [jointLog] [info] Mapping rate = 90.2798%

[2017-12-06 16:05:41.003] [jointLog] [info] finished quantifyLibrary()
[2017-12-06 16:05:41.010] [jointLog] [info] Starting optimizer
[2017-12-06 16:05:41.204] [jointLog] [info] Marked 0 weighted equivalence classes as degenerate
[2017-12-06 16:05:41.219] [jointLog] [info] iteration = 0 | max rel diff. = 56.8124
[2017-12-06 16:05:41.373] [jointLog] [info] iteration 11, adjusting effective lengths to account for biases
[2017-12-06 16:11:38.622] [jointLog] [info] Computed expected counts (for bias correction)
[2017-12-06 16:11:38.622] [jointLog] [info] processed bias for 0.0% of the transcripts
[2017-12-06 16:12:15.921] [jointLog] [info] processed bias for 10.0% of the transcripts
[2017-12-06 16:12:49.210] [jointLog] [info] processed bias for 20.0% of the transcripts
[2017-12-06 16:13:24.695] [jointLog] [info] processed bias for 30.0% of the transcripts
[2017-12-06 16:14:01.969] [jointLog] [info] processed bias for 40.0% of the transcripts
[2017-12-06 16:14:35.199] [jointLog] [info] processed bias for 50.0% of the transcripts
[2017-12-06 16:15:05.909] [jointLog] [info] processed bias for 60.0% of the transcripts
[2017-12-06 16:15:36.420] [jointLog] [info] processed bias for 100.0% of the transcripts
[2017-12-06 16:15:37.925] [jointLog] [info] iteration = 100 | max rel diff. = 0.387482
[2017-12-06 16:15:39.599] [jointLog] [info] iteration = 200 | max rel diff. = 0.136148
[2017-12-06 16:15:41.265] [jointLog] [info] iteration = 300 | max rel diff. = 0.0901683
[2017-12-06 16:15:42.936] [jointLog] [info] iteration = 400 | max rel diff. = 0.0467735
[2017-12-06 16:15:44.596] [jointLog] [info] iteration = 500 | max rel diff. = 0.0498598
[2017-12-06 16:15:46.251] [jointLog] [info] iteration = 600 | max rel diff. = 0.031643
[2017-12-06 16:15:47.907] [jointLog] [info] iteration = 700 | max rel diff. = 0.0232442
[2017-12-06 16:15:49.570] [jointLog] [info] iteration = 800 | max rel diff. = 0.0335036
[2017-12-06 16:15:51.237] [jointLog] [info] iteration = 900 | max rel diff. = 0.0154908
[2017-12-06 16:15:52.910] [jointLog] [info] iteration = 1000 | max rel diff. = 0.0239708
[2017-12-06 16:15:54.592] [jointLog] [info] iteration = 1100 | max rel diff. = 0.0198939
[2017-12-06 16:15:56.283] [jointLog] [info] iteration = 1200 | max rel diff. = 0.0316208
[2017-12-06 16:15:57.982] [jointLog] [info] iteration = 1300 | max rel diff. = 0.0242869
[2017-12-06 16:15:58.920] [jointLog] [info] iteration = 1356 | max rel diff. = 0.00813255
[2017-12-06 16:15:58.934] [jointLog] [info] Finished optimizer
[2017-12-06 16:15:58.934] [jointLog] [info] writing output 

