[2022-03-25 16:34:33.642] [alevinLog] [info] Found 140750 transcripts(+0 decoys, +39 short and +0 duplicate names in the index)
[2022-03-25 16:34:33.795] [alevinLog] [info] Filled with 140789 txp to gene entries 
[2022-03-25 16:34:33.822] [alevinLog] [info] Found all transcripts to gene mappings
[2022-03-25 16:34:33.863] [alevinLog] [info] Processing barcodes files (if Present) 

 
[2022-03-25 16:45:25.703] [alevinLog] [info] Done barcode density calculation.
[2022-03-25 16:45:25.703] [alevinLog] [info] # Barcodes Used: [32m344427924[0m / [31m344427924[0m.
[2022-03-25 16:45:25.710] [alevinLog] [info] Done importing white-list Barcodes
[2022-03-25 16:45:25.710] [alevinLog] [info] Total 50 white-listed Barcodes
[2022-03-25 16:45:26.030] [alevinLog] [warning] Total 91.1451% reads will be thrown away because of noisy Cellular barcodes.
[2022-03-25 16:45:26.036] [alevinLog] [info] Done populating Z matrix
[2022-03-25 16:45:26.037] [alevinLog] [info] Total 3755 CB got sequence corrected
[2022-03-25 16:45:26.037] [alevinLog] [info] Done indexing Barcodes
[2022-03-25 16:45:26.037] [alevinLog] [info] Total Unique barcodes found: 1665873
[2022-03-25 16:45:26.037] [alevinLog] [info] Used Barcodes except Whitelist: 3707
[2022-03-25 16:45:26.067] [alevinLog] [info] Done with Barcode Processing; Moving to Quantify

[2022-03-25 16:45:26.079] [alevinLog] [info] parsing read library format
[2022-03-25 17:56:36.640] [alevinLog] [info] Starting optimizer


[2022-03-25 17:58:56.593] [alevinLog] [info] Total 1766607.00 UMI after deduplicating.
[2022-03-25 17:58:56.593] [alevinLog] [info] Total 5381547 BiDirected Edges.
[2022-03-25 17:58:56.593] [alevinLog] [info] Total 345376 UniDirected Edges.
[2022-03-25 17:58:56.608] [alevinLog] [info] Finished optimizer
