[2017-12-06 16:16:00.592] [jointLog] [info] parsing read library format
[2017-12-06 16:16:00.592] [jointLog] [info] There is 1 library.
[2017-12-06 16:16:00.655] [jointLog] [info] Loading Quasi index
[2017-12-06 16:16:00.656] [jointLog] [info] Loading 32-bit quasi index
[2017-12-06 16:16:08.607] [jointLog] [info] done
[2017-12-06 16:16:08.607] [jointLog] [info] Index contained 200401 targets
[2017-12-06 16:18:07.755] [jointLog] [info] Computed 299168 rich equivalence classes for further processing
[2017-12-06 16:18:07.755] [jointLog] [info] Counted 23721986 total reads in the equivalence classes 
[2017-12-06 16:18:07.765] [jointLog] [info] Mapping rate = 90.5623%

[2017-12-06 16:18:07.765] [jointLog] [info] finished quantifyLibrary()
[2017-12-06 16:18:07.772] [jointLog] [info] Starting optimizer
[2017-12-06 16:18:07.756] [fileLog] [info] 
At end of round 0
==================
Observed 26194108 total fragments (26194108 in most recent round)

[2017-12-06 16:18:07.972] [jointLog] [info] Marked 0 weighted equivalence classes as degenerate
[2017-12-06 16:18:07.986] [jointLog] [info] iteration = 0 | max rel diff. = 55.671
[2017-12-06 16:18:08.129] [jointLog] [info] iteration 11, adjusting effective lengths to account for biases
[2017-12-06 16:23:46.542] [jointLog] [info] Computed expected counts (for bias correction)
[2017-12-06 16:23:46.542] [jointLog] [info] processed bias for 0.0% of the transcripts
[2017-12-06 16:24:22.784] [jointLog] [info] processed bias for 10.0% of the transcripts
[2017-12-06 16:24:55.270] [jointLog] [info] processed bias for 20.0% of the transcripts
[2017-12-06 16:25:28.462] [jointLog] [info] processed bias for 30.0% of the transcripts
[2017-12-06 16:26:00.456] [jointLog] [info] processed bias for 40.0% of the transcripts
[2017-12-06 16:26:34.541] [jointLog] [info] processed bias for 50.0% of the transcripts
[2017-12-06 16:27:05.106] [jointLog] [info] processed bias for 60.0% of the transcripts
[2017-12-06 16:27:31.685] [jointLog] [info] processed bias for 100.0% of the transcripts
[2017-12-06 16:27:33.016] [jointLog] [info] iteration = 100 | max rel diff. = 0.333451
[2017-12-06 16:27:34.491] [jointLog] [info] iteration = 200 | max rel diff. = 0.139533
[2017-12-06 16:27:35.967] [jointLog] [info] iteration = 300 | max rel diff. = 0.0713038
[2017-12-06 16:27:37.449] [jointLog] [info] iteration = 400 | max rel diff. = 0.0958358
[2017-12-06 16:27:38.942] [jointLog] [info] iteration = 500 | max rel diff. = 0.140624
[2017-12-06 16:27:40.440] [jointLog] [info] iteration = 600 | max rel diff. = 0.0193764
[2017-12-06 16:27:41.944] [jointLog] [info] iteration = 700 | max rel diff. = 0.0373405
[2017-12-06 16:27:43.453] [jointLog] [info] iteration = 800 | max rel diff. = 0.0161439
[2017-12-06 16:27:44.967] [jointLog] [info] iteration = 900 | max rel diff. = 0.0142515
[2017-12-06 16:27:46.490] [jointLog] [info] iteration = 1000 | max rel diff. = 0.0111193
[2017-12-06 16:27:48.019] [jointLog] [info] iteration = 1100 | max rel diff. = 0.0111187
[2017-12-06 16:27:49.556] [jointLog] [info] iteration = 1200 | max rel diff. = 0.0104267
[2017-12-06 16:27:50.516] [jointLog] [info] iteration = 1263 | max rel diff. = 0.00944762
[2017-12-06 16:27:50.526] [jointLog] [info] Finished optimizer
[2017-12-06 16:27:50.526] [jointLog] [info] writing output 

