[2019-10-12 12:39:39.412] [jointLog] [info] Fragment incompatibility prior below threshold.  Incompatible fragments will be ignored.
[2019-10-12 12:39:39.412] [jointLog] [info] Usage of --validateMappings implies use of minScoreFraction. Since not explicitly specified, it is being set to 0.65
[2019-10-12 12:39:39.412] [jointLog] [info] Usage of --validateMappings, without --hardFilter implies use of range factorization. rangeFactorizationBins is being set to 4
[2019-10-12 12:39:39.412] [jointLog] [info] Usage of --validateMappings implies a default consensus slack of 0.2. Setting consensusSlack to 0.2.
[2019-10-12 12:39:39.412] [jointLog] [info] parsing read library format
[2019-10-12 12:39:39.412] [jointLog] [info] There is 1 library.
[2019-10-12 12:39:39.474] [jointLog] [info] Loading Quasi index
[2019-10-12 12:39:39.474] [jointLog] [info] Loading 32-bit quasi index
[2019-10-12 12:39:41.451] [jointLog] [info] done
[2019-10-12 12:39:41.451] [jointLog] [info] Index contained 33,707 targets
[2019-10-12 12:39:42.461] [jointLog] [info] Automatically detected most likely library type as ISR
[2019-10-12 12:49:48.910] [jointLog] [info] Thread saw mini-batch with a maximum of 0.86% zero probability fragments
[2019-10-12 12:49:48.922] [jointLog] [info] Thread saw mini-batch with a maximum of 0.88% zero probability fragments
[2019-10-12 12:49:48.973] [jointLog] [info] Thread saw mini-batch with a maximum of 0.94% zero probability fragments
[2019-10-12 12:49:48.974] [jointLog] [info] Thread saw mini-batch with a maximum of 0.84% zero probability fragments
[2019-10-12 12:49:49.040] [jointLog] [info] Computed 70,734 rich equivalence classes for further processing
[2019-10-12 12:49:49.040] [jointLog] [info] Counted 34,098,209 total reads in the equivalence classes 
[2019-10-12 12:49:49.045] [jointLog] [info] Number of mappings discarded because of alignment score : 267,540
[2019-10-12 12:49:49.045] [jointLog] [info] Number of fragments entirely discarded because of alignment score : 989,383
[2019-10-12 12:49:49.045] [jointLog] [info] Number of fragments discarded because they are best-mapped to decoys : 0
[2019-10-12 12:49:49.045] [jointLog] [info] Number of fragments discarded because they have only dovetail (discordant) mappings : 2,048,810
[2019-10-12 12:49:49.045] [jointLog] [info] Mapping rate = 80.378%

[2019-10-12 12:49:49.045] [jointLog] [info] finished quantifyLibrary()
[2019-10-12 12:49:49.045] [jointLog] [info] Starting optimizer
[2019-10-12 12:49:49.068] [jointLog] [info] Marked 0 weighted equivalence classes as degenerate
[2019-10-12 12:49:49.077] [jointLog] [info] iteration = 0 | max rel diff. = 18465.9
[2019-10-12 12:49:49.126] [jointLog] [info] iteration 11, adjusting effective lengths to account for biases
[2019-10-12 12:49:49.040] [fileLog] [info] 
At end of round 0
==================
Observed 42422337 total fragments (42422337 in most recent round)

[2019-10-12 12:51:14.474] [jointLog] [info] Computed expected counts (for bias correction)
[2019-10-12 12:51:14.474] [jointLog] [info] processed bias for 0.0% of the transcripts
[2019-10-12 12:51:23.829] [jointLog] [info] processed bias for 10.0% of the transcripts
[2019-10-12 12:51:32.300] [jointLog] [info] processed bias for 20.0% of the transcripts
[2019-10-12 12:51:40.711] [jointLog] [info] processed bias for 30.0% of the transcripts
[2019-10-12 12:51:49.917] [jointLog] [info] processed bias for 40.0% of the transcripts
[2019-10-12 12:51:59.642] [jointLog] [info] processed bias for 50.0% of the transcripts
[2019-10-12 12:52:07.859] [jointLog] [info] processed bias for 60.0% of the transcripts
[2019-10-12 12:52:15.293] [jointLog] [info] processed bias for 70.0% of the transcripts
[2019-10-12 12:52:21.122] [jointLog] [info] processed bias for 80.0% of the transcripts
[2019-10-12 12:52:23.872] [jointLog] [info] processed bias for 100.0% of the transcripts
[2019-10-12 12:52:24.326] [jointLog] [info] iteration = 100 | max rel diff. = 7.04133
[2019-10-12 12:52:24.828] [jointLog] [info] iteration = 200 | max rel diff. = 7.65427
[2019-10-12 12:52:25.332] [jointLog] [info] iteration = 300 | max rel diff. = 7.12269
[2019-10-12 12:52:25.832] [jointLog] [info] iteration = 400 | max rel diff. = 4.53262
[2019-10-12 12:52:26.331] [jointLog] [info] iteration = 500 | max rel diff. = 0.268649
[2019-10-12 12:52:26.837] [jointLog] [info] iteration = 600 | max rel diff. = 0.176445
[2019-10-12 12:52:27.341] [jointLog] [info] iteration = 700 | max rel diff. = 0.111398
[2019-10-12 12:52:27.843] [jointLog] [info] iteration = 800 | max rel diff. = 0.240781
[2019-10-12 12:52:28.340] [jointLog] [info] iteration = 900 | max rel diff. = 0.0478815
[2019-10-12 12:52:28.835] [jointLog] [info] iteration = 1,000 | max rel diff. = 0.130773
[2019-10-12 12:52:29.330] [jointLog] [info] iteration = 1,100 | max rel diff. = 0.0353023
[2019-10-12 12:52:29.828] [jointLog] [info] iteration = 1,200 | max rel diff. = 1.05489
[2019-10-12 12:52:30.325] [jointLog] [info] iteration = 1,300 | max rel diff. = 0.77789
[2019-10-12 12:52:30.843] [jointLog] [info] iteration = 1,400 | max rel diff. = 0.0489004
[2019-10-12 12:52:31.345] [jointLog] [info] iteration = 1,500 | max rel diff. = 0.783841
[2019-10-12 12:52:31.848] [jointLog] [info] iteration = 1,600 | max rel diff. = 0.0693282
[2019-10-12 12:52:32.345] [jointLog] [info] iteration = 1,700 | max rel diff. = 0.0102607
[2019-10-12 12:52:32.851] [jointLog] [info] iteration = 1,800 | max rel diff. = 0.0228166
[2019-10-12 12:52:33.348] [jointLog] [info] iteration = 1,900 | max rel diff. = 0.0490628
[2019-10-12 12:52:33.847] [jointLog] [info] iteration = 2,000 | max rel diff. = 0.107477
[2019-10-12 12:52:34.350] [jointLog] [info] iteration = 2,100 | max rel diff. = 0.0428941
[2019-10-12 12:52:34.765] [jointLog] [info] iteration = 2,186 | max rel diff. = 0.00809622
[2019-10-12 12:52:34.766] [jointLog] [info] Finished optimizer
[2019-10-12 12:52:34.766] [jointLog] [info] writing output 

