[2017-03-03 19:56:02.092] [jointLog] [info] parsing read library format
[2017-03-03 19:56:02.092] [jointLog] [info] There is 1 library.
[2017-03-03 19:56:02.155] [jointLog] [info] Loading Quasi index
[2017-03-03 19:56:02.155] [jointLog] [info] Loading 32-bit quasi index
[2017-03-03 19:56:09.263] [jointLog] [info] done
[2017-03-03 19:56:09.263] [jointLog] [info] Index contained 178136 targets
[2017-03-03 19:58:02.906] [jointLog] [info] Computed 308752 rich equivalence classes for further processing
[2017-03-03 19:58:02.906] [jointLog] [info] Counted 22147368 total reads in the equivalence classes 
[2017-03-03 19:58:02.925] [jointLog] [info] Mapping rate = 87.5797%

[2017-03-03 19:58:02.925] [jointLog] [info] finished quantifyLibrary()
[2017-03-03 19:58:02.944] [jointLog] [info] Starting optimizer
[2017-03-03 19:58:02.907] [fileLog] [info] 
At end of round 0
==================
Observed 25288232 total fragments (25288232 in most recent round)

[2017-03-03 19:58:03.132] [jointLog] [info] Marked 0 weighted equivalence classes as degenerate
[2017-03-03 19:58:03.148] [jointLog] [info] iteration = 0 | max rel diff. = 62.8655
[2017-03-03 19:58:04.788] [jointLog] [info] iteration = 100 | max rel diff. = 0.101466
[2017-03-03 19:58:06.451] [jointLog] [info] iteration = 200 | max rel diff. = 0.0945564
[2017-03-03 19:58:08.125] [jointLog] [info] iteration = 300 | max rel diff. = 0.0483843
[2017-03-03 19:58:09.825] [jointLog] [info] iteration = 400 | max rel diff. = 0.0302607
[2017-03-03 19:58:11.477] [jointLog] [info] iteration = 500 | max rel diff. = 0.0230334
[2017-03-03 19:58:13.129] [jointLog] [info] iteration = 600 | max rel diff. = 0.0188813
[2017-03-03 19:58:14.788] [jointLog] [info] iteration = 700 | max rel diff. = 0.0164255
[2017-03-03 19:58:16.463] [jointLog] [info] iteration = 800 | max rel diff. = 0.014411
[2017-03-03 19:58:18.152] [jointLog] [info] iteration = 900 | max rel diff. = 0.0135634
[2017-03-03 19:58:19.835] [jointLog] [info] iteration = 1000 | max rel diff. = 0.0114395
[2017-03-03 19:58:20.722] [jointLog] [info] iteration = 1052 | max rel diff. = 0.00995135
[2017-03-03 19:58:20.744] [jointLog] [info] Finished optimizer
[2017-03-03 19:58:20.744] [jointLog] [info] writing output 

[2017-03-03 19:58:21.158] [jointLog] [info] Starting Gibbs Sampler
[2017-03-03 19:58:28.614] [jointLog] [info] Finished Gibbs Sampler
