[2017-03-03 19:51:07.446] [jointLog] [info] parsing read library format
[2017-03-03 19:51:07.446] [jointLog] [info] There is 1 library.
[2017-03-03 19:51:07.507] [jointLog] [info] Loading Quasi index
[2017-03-03 19:51:07.508] [jointLog] [info] Loading 32-bit quasi index
[2017-03-03 19:51:14.631] [jointLog] [info] done
[2017-03-03 19:51:14.631] [jointLog] [info] Index contained 178136 targets
[2017-03-03 19:53:03.124] [fileLog] [info] 
At end of round 0
==================
Observed 26194108 total fragments (26194108 in most recent round)

[2017-03-03 19:53:03.124] [jointLog] [info] Computed 284649 rich equivalence classes for further processing
[2017-03-03 19:53:03.124] [jointLog] [info] Counted 23150786 total reads in the equivalence classes 
[2017-03-03 19:53:03.142] [jointLog] [info] Mapping rate = 88.3817%

[2017-03-03 19:53:03.142] [jointLog] [info] finished quantifyLibrary()
[2017-03-03 19:53:03.148] [jointLog] [info] Starting optimizer
[2017-03-03 19:53:03.307] [jointLog] [info] Marked 0 weighted equivalence classes as degenerate
[2017-03-03 19:53:03.321] [jointLog] [info] iteration = 0 | max rel diff. = 61.3201
[2017-03-03 19:53:04.805] [jointLog] [info] iteration = 100 | max rel diff. = 0.144889
[2017-03-03 19:53:06.292] [jointLog] [info] iteration = 200 | max rel diff. = 0.0919192
[2017-03-03 19:53:07.794] [jointLog] [info] iteration = 300 | max rel diff. = 0.040194
[2017-03-03 19:53:09.292] [jointLog] [info] iteration = 400 | max rel diff. = 0.027413
[2017-03-03 19:53:10.788] [jointLog] [info] iteration = 500 | max rel diff. = 0.0222441
[2017-03-03 19:53:12.296] [jointLog] [info] iteration = 600 | max rel diff. = 0.017968
[2017-03-03 19:53:13.847] [jointLog] [info] iteration = 700 | max rel diff. = 0.0160649
[2017-03-03 19:53:15.320] [jointLog] [info] iteration = 800 | max rel diff. = 0.0133891
[2017-03-03 19:53:16.761] [jointLog] [info] iteration = 900 | max rel diff. = 0.0127439
[2017-03-03 19:53:18.219] [jointLog] [info] iteration = 1000 | max rel diff. = 0.0110059
[2017-03-03 19:53:19.687] [jointLog] [info] iteration = 1100 | max rel diff. = 0.0126009
[2017-03-03 19:53:21.174] [jointLog] [info] iteration = 1200 | max rel diff. = 0.0103548
[2017-03-03 19:53:21.352] [jointLog] [info] iteration = 1213 | max rel diff. = 0.00998199
[2017-03-03 19:53:21.366] [jointLog] [info] Finished optimizer
[2017-03-03 19:53:21.366] [jointLog] [info] writing output 

[2017-03-03 19:53:21.712] [jointLog] [info] Starting Gibbs Sampler
[2017-03-03 19:53:29.033] [jointLog] [info] Finished Gibbs Sampler
